[main] 2023-02-25 17:56:42 INFO  - Configurations.initialize
[main] 2023-02-25 17:56:42 INFO  - Build release inforamtion: 
[main] 2023-02-25 17:56:42 INFO  - ScriptDir: ./Org/Script
[main] 2023-02-25 17:56:42 INFO  - DataDir: ./Org/Script/DataScript
[main] 2023-02-25 17:56:42 INFO  - ConfigDir: ./config
[main] 2023-02-25 17:56:42 INFO  - FileUploadDir: 
[main] 2023-02-25 17:56:42 WARN  - No Directory path entered
[main] 2023-02-25 17:56:42 INFO  - propFileName::: ./config\CustomConfig.properties
[main] 2023-02-25 17:56:43 INFO  - Opening local browser
[main] 2023-02-25 17:56:43 INFO  - Inside the setBrowser method
[main] 2023-02-25 17:56:43 INFO  - Setting up Chrome Browser
[main] 2023-02-25 17:56:43 INFO  - ChromeManager class getDriver()STARTED.....
[main] 2023-02-25 17:56:44 INFO  - Configurations.PATH value  = D:\internalProject\Scripter\Scripter\bin\Debug\net6.0\
[main] 2023-02-25 17:56:44 INFO  - options= Capabilities {browserName: chrome}
[main] 2023-02-25 17:56:46 INFO  - Setting up Explicit Wait with timeout 10
[main] 2023-02-25 17:56:46 INFO  - ExtLoader, construtor, setting driver as null
[main] 2023-02-25 17:56:46 INFO  - ==== Loading extensions ====
[main] 2023-02-25 17:56:46 INFO  - Loading extensions from =  D:\internalProject\Scripter\Scripter\bin\Debug\net6.0\/lib/extensions/
[main] 2023-02-25 17:56:46 INFO  - Total ext count : 9
[main] 2023-02-25 17:56:46 INFO  - Loading : D:\internalProject\Scripter\Scripter\bin\Debug\net6.0\lib\extensions\daisy-ext-api-0.0.1.jar
[main] 2023-02-25 17:56:46 INFO  - Loading : D:\internalProject\Scripter\Scripter\bin\Debug\net6.0\lib\extensions\daisy-ext-azureupdate-0.0.1.jar
[main] 2023-02-25 17:56:46 INFO  - Loading : D:\internalProject\Scripter\Scripter\bin\Debug\net6.0\lib\extensions\daisy-ext-debug-0.0.1.jar
[main] 2023-02-25 17:56:46 INFO  - Loading : D:\internalProject\Scripter\Scripter\bin\Debug\net6.0\lib\extensions\daisy-ext-fileio-0.0.1.jar
[main] 2023-02-25 17:56:46 INFO  - Loading : D:\internalProject\Scripter\Scripter\bin\Debug\net6.0\lib\extensions\daisy-ext-perf-0.0.1.jar
[main] 2023-02-25 17:56:46 INFO  - Loading : D:\internalProject\Scripter\Scripter\bin\Debug\net6.0\lib\extensions\daisy-ext-recordaction-0.0.1.jar
[main] 2023-02-25 17:56:46 INFO  - Loading : D:\internalProject\Scripter\Scripter\bin\Debug\net6.0\lib\extensions\daisy-ext-seleniumcode-0.0.1.jar
[main] 2023-02-25 17:56:46 INFO  - Loading : D:\internalProject\Scripter\Scripter\bin\Debug\net6.0\lib\extensions\daisy-ext-system-0.0.1.jar
[main] 2023-02-25 17:56:46 INFO  - Loading : D:\internalProject\Scripter\Scripter\bin\Debug\net6.0\lib\extensions\daisy-ext-uielement-0.0.1.jar
[main] 2023-02-25 17:56:46 INFO  - ==== 9 extensions loaded ====
[main] 2023-02-25 17:56:46 INFO  - Executing File : github_login14 and Sheet : Sheet1
