[main] 2023-04-18 16:09:50 INFO  - #[ Filename: demoInput ( sheet :Sheet1 ) on line no: 2 ]
[main] 2023-04-18 16:09:53 INFO  - User have entered URL successfully : https://github.com/
[main] 2023-04-18 16:09:53 INFO  - #[ Filename: demoInput ( sheet :Sheet1 ) on line no: 3 ]
[main] 2023-04-18 16:09:54 INFO  -  Click Retry Cout: 0
[main] 2023-04-18 16:09:54 INFO  - Inside the TRY of else block By.xpath: /html/body/div[1]/div[1]/header/div/div[2]/div/div/div[2]/a
[main] 2023-04-18 16:09:55 INFO  - Inside clickUsingJavaScript step:last
[main] 2023-04-18 16:09:55 INFO  - Successfully clicked on Sign In Button
[main] 2023-04-18 16:09:55 INFO  - #[ Filename: demoInput ( sheet :Sheet1 ) on line no: 4 ]
[main] 2023-04-18 16:09:58 INFO  - Successfully entered text
[main] 2023-04-18 16:09:58 INFO  - Entered daisy-input in Username field
[main] 2023-04-18 16:09:58 INFO  - #[ Filename: demoInput ( sheet :Sheet1 ) on line no: 5 ]
[main] 2023-04-18 16:10:00 INFO  - Successfully entered text
[main] 2023-04-18 16:10:00 INFO  - Entered Password Successfully
[main] 2023-04-18 16:10:00 INFO  - #[ Filename: demoInput ( sheet :Sheet1 ) on line no: 6 ]
[main] 2023-04-18 16:10:00 INFO  -  Click Retry Cout: 0
[main] 2023-04-18 16:10:00 INFO  - Inside the TRY of else block By.name: commit
[main] 2023-04-18 16:10:03 INFO  - Inside clickUsingJavaScript step:last
[main] 2023-04-18 16:10:03 INFO  - Successfully clicked on Sign in Button
[main] 2023-04-18 16:10:03 INFO  - #[ Filename: demoInput ( sheet :Sheet1 ) on line no: 7 ]
[main] 2023-04-18 16:10:13 WARN  - Waited for 10 seconds. Element is not Visible!
[main] 2023-04-18 16:10:19 ERROR - Element is not visible : By.xpath: /html/body/div[1]/div[5]/div/aside/div/loading-context/div/div[1]/div/h2/a
[main] 2023-04-18 16:10:19 ERROR - !!!Failure in demoInput ( sheet : Sheet1 ) on line no: 7
[main] 2023-04-18 16:10:20 ERROR - ERROR : Element is not visible : By.xpath: /html/body/div[1]/div[5]/div/aside/div/loading-context/div/div[1]/div/h2/a
[main] 2023-04-18 16:10:20 INFO  - Re-Triggering failed test cases is disabled
[main] 2023-04-18 16:10:20 INFO  - Closing Browser
[main] 2023-04-18 16:10:21 INFO  - End of execution
[main] 2023-04-18 16:10:22 INFO  - This is the end of test case execution
