[main] 2023-04-18 14:15:49 INFO  - #[ Filename: demoInput ( sheet :Sheet1 ) on line no: 2 ]
[main] 2023-04-18 14:15:54 INFO  - User have entered URL successfully : https://github.com/
[main] 2023-04-18 14:15:54 INFO  - #[ Filename: demoInput ( sheet :Sheet1 ) on line no: 3 ]
[main] 2023-04-18 14:15:54 INFO  -  Click Retry Cout: 0
[main] 2023-04-18 14:15:54 INFO  - Inside the TRY of else block By.xpath: /html/body/div[1]/div[1]/header/div/div[2]/div/div/div[2]/a
[main] 2023-04-18 14:15:54 INFO  - Inside clickUsingJavaScript step:last
[main] 2023-04-18 14:15:54 INFO  - Successfully clicked on Sign In Button
[main] 2023-04-18 14:15:54 INFO  - #[ Filename: demoInput ( sheet :Sheet1 ) on line no: 4 ]
[main] 2023-04-18 14:15:58 INFO  - Successfully entered text
[main] 2023-04-18 14:15:58 INFO  - Entered daisy-input in Username field
[main] 2023-04-18 14:15:58 INFO  - #[ Filename: demoInput ( sheet :Sheet1 ) on line no: 5 ]
[main] 2023-04-18 14:15:59 INFO  - Successfully entered text
[main] 2023-04-18 14:15:59 INFO  - Entered Password Successfully
[main] 2023-04-18 14:15:59 INFO  - #[ Filename: demoInput ( sheet :Sheet1 ) on line no: 6 ]
[main] 2023-04-18 14:15:59 INFO  -  Click Retry Cout: 0
[main] 2023-04-18 14:16:00 INFO  - Inside the TRY of else block By.name: commit
[main] 2023-04-18 14:16:02 INFO  - Inside clickUsingJavaScript step:last
[main] 2023-04-18 14:16:02 INFO  - Successfully clicked on Sign in Button
[main] 2023-04-18 14:16:02 INFO  - #[ Filename: demoInput ( sheet :Sheet1 ) on line no: 7 ]
[main] 2023-04-18 14:16:12 WARN  - Waited for 10 seconds. Element is not Visible!
[main] 2023-04-18 14:16:16 ERROR - Element is not visible : By.xpath: /html/body/div[1]/div[5]/div/aside/div/loading-context/div/div[1]/div/h2/a
[main] 2023-04-18 14:16:16 ERROR - !!!Failure in demoInput ( sheet : Sheet1 ) on line no: 7
[main] 2023-04-18 14:16:17 ERROR - ERROR : Element is not visible : By.xpath: /html/body/div[1]/div[5]/div/aside/div/loading-context/div/div[1]/div/h2/a
[main] 2023-04-18 14:16:17 INFO  - Re-Triggering failed test cases is disabled
[main] 2023-04-18 14:16:17 INFO  - Closing Browser
[main] 2023-04-18 14:16:18 INFO  - End of execution
[main] 2023-04-18 14:16:18 INFO  - This is the end of test case execution
