[main] 2023-04-27 14:10:23 INFO  - #[ Filename: demoInput ( sheet :Sheet1 ) on line no: 2 ]
[main] 2023-04-27 14:10:26 INFO  - User have entered URL successfully : https://github.com/
[main] 2023-04-27 14:10:26 INFO  - #[ Filename: demoInput ( sheet :Sheet1 ) on line no: 3 ]
[main] 2023-04-27 14:10:26 INFO  -  Click Retry Cout: 0
[main] 2023-04-27 14:10:26 INFO  - Inside the TRY of else block By.xpath: /html/body/div[1]/div[1]/header/div/div[2]/div/div/div[2]/a
[main] 2023-04-27 14:10:26 INFO  - Inside clickUsingJavaScript step:last
[main] 2023-04-27 14:10:26 INFO  - Successfully clicked on Sign In Button
[main] 2023-04-27 14:10:26 INFO  - #[ Filename: demoInput ( sheet :Sheet1 ) on line no: 4 ]
[main] 2023-04-27 14:10:29 INFO  - Successfully entered text
[main] 2023-04-27 14:10:29 INFO  - Entered daisy-input in Username field
[main] 2023-04-27 14:10:29 INFO  - #[ Filename: demoInput ( sheet :Sheet1 ) on line no: 5 ]
[main] 2023-04-27 14:10:31 INFO  - Successfully entered text
[main] 2023-04-27 14:10:31 INFO  - Entered Password Successfully
[main] 2023-04-27 14:10:31 INFO  - #[ Filename: demoInput ( sheet :Sheet1 ) on line no: 6 ]
[main] 2023-04-27 14:10:31 INFO  -  Click Retry Cout: 0
[main] 2023-04-27 14:10:31 INFO  - Inside the TRY of else block By.name: commit
[main] 2023-04-27 14:10:33 INFO  - Inside clickUsingJavaScript step:last
[main] 2023-04-27 14:10:33 INFO  - Successfully clicked on Sign in Button
[main] 2023-04-27 14:10:33 INFO  - #[ Filename: demoInput ( sheet :Sheet1 ) on line no: 7 ]
[main] 2023-04-27 14:10:33 INFO  -  Click Retry Cout: 0
[main] 2023-04-27 14:10:33 INFO  - Inside the TRY of else block By.xpath: /html/body/div[1]/div[6]/div/aside/div/loading-context/div/div[1]/div/h2/a
[main] 2023-04-27 14:10:36 INFO  - Inside clickUsingJavaScript step:last
[main] 2023-04-27 14:10:36 INFO  - Successfully clicked on Repository Button
[main] 2023-04-27 14:10:36 INFO  - #[ Filename: demoInput ( sheet :Sheet1 ) on line no: 8 ]
[main] 2023-04-27 14:10:46 WARN  - Waited for 10 seconds. Element is not Visible!
[main] 2023-04-27 14:10:47 ERROR - Element is not visible : By.id: repository_name
[main] 2023-04-27 14:10:47 ERROR - !!!Failure in demoInput ( sheet : Sheet1 ) on line no: 8
[main] 2023-04-27 14:10:47 ERROR - ERROR : Element is not visible : By.id: repository_name
[main] 2023-04-27 14:10:47 INFO  - Re-Triggering failed test cases is disabled
[main] 2023-04-27 14:10:47 INFO  - Closing Browser
[main] 2023-04-27 14:10:48 INFO  - End of execution
[main] 2023-04-27 14:10:49 INFO  - This is the end of test case execution
