[main] 2023-04-21 15:54:57 INFO  - #[ Filename: demoInput ( sheet :Sheet1 ) on line no: 2 ]
[main] 2023-04-21 15:55:02 INFO  - User have entered URL successfully : https://github.com/
[main] 2023-04-21 15:55:02 INFO  - #[ Filename: demoInput ( sheet :Sheet1 ) on line no: 3 ]
[main] 2023-04-21 15:55:02 INFO  -  Click Retry Cout: 0
[main] 2023-04-21 15:55:02 INFO  - Inside the TRY of else block By.xpath: /html/body/div[1]/div[1]/header/div/div[2]/div/div/div[2]/a
[main] 2023-04-21 15:55:02 INFO  - Inside clickUsingJavaScript step:last
[main] 2023-04-21 15:55:02 INFO  - Successfully clicked on Sign In Button
[main] 2023-04-21 15:55:02 INFO  - #[ Filename: demoInput ( sheet :Sheet1 ) on line no: 4 ]
[main] 2023-04-21 15:55:06 INFO  - Successfully entered text
[main] 2023-04-21 15:55:06 INFO  - Entered daisy-input in Username field
[main] 2023-04-21 15:55:06 INFO  - #[ Filename: demoInput ( sheet :Sheet1 ) on line no: 5 ]
[main] 2023-04-21 15:55:07 INFO  - Successfully entered text
[main] 2023-04-21 15:55:07 INFO  - Entered Password Successfully
[main] 2023-04-21 15:55:07 INFO  - #[ Filename: demoInput ( sheet :Sheet1 ) on line no: 6 ]
[main] 2023-04-21 15:55:07 INFO  -  Click Retry Cout: 0
[main] 2023-04-21 15:55:08 INFO  - Inside the TRY of else block By.name: commit
[main] 2023-04-21 15:55:10 INFO  - Inside clickUsingJavaScript step:last
[main] 2023-04-21 15:55:10 INFO  - Successfully clicked on Sign in Button
[main] 2023-04-21 15:55:10 INFO  - #[ Filename: demoInput ( sheet :Sheet1 ) on line no: 7 ]
[main] 2023-04-21 15:55:10 INFO  -  Click Retry Cout: 0
[main] 2023-04-21 15:55:11 INFO  - Inside the TRY of else block By.xpath: /html/body/div[1]/div[6]/div/aside/div/loading-context/div/div[1]/div/h2/a
[main] 2023-04-21 15:55:13 INFO  - Inside clickUsingJavaScript step:last
[main] 2023-04-21 15:55:13 INFO  - Successfully clicked on Repository Button
[main] 2023-04-21 15:55:13 INFO  - #[ Filename: demoInput ( sheet :Sheet1 ) on line no: 8 ]
[main] 2023-04-21 15:55:15 INFO  - Successfully entered text
[main] 2023-04-21 15:55:15 INFO  - Entered DaisyDemo2 in Repository Name field
[main] 2023-04-21 15:55:15 INFO  - #[ Filename: demoInput ( sheet :Sheet1 ) on line no: 9 ]
[main] 2023-04-21 15:55:15 INFO  -  Click Retry Cout: 0
[main] 2023-04-21 15:55:16 INFO  - Inside the TRY of else block By.xpath: //*[@id="new_repository"]/div[5]/button
[main] 2023-04-21 15:55:18 INFO  - Inside clickUsingJavaScript step:last
[main] 2023-04-21 15:55:18 INFO  - Successfully clicked on Create repository Button
[main] 2023-04-21 15:55:18 INFO  - #[ Filename: demoInput ( sheet :Sheet1 ) on line no: 10 ]
[main] 2023-04-21 15:55:18 INFO  -  Click Retry Cout: 0
[main] 2023-04-21 15:55:19 INFO  - Inside the TRY of else block By.xpath: //*[@id="repo-content-pjax-container"]/div/git-clone-help/div[1]/p/a[3]
[main] 2023-04-21 15:55:19 INFO  - Inside clickUsingJavaScript step:last
[main] 2023-04-21 15:55:19 INFO  - Successfully clicked on Readme Link Button
[main] 2023-04-21 15:55:19 INFO  - #[ Filename: demoInput ( sheet :Sheet1 ) on line no: 11 ]
[main] 2023-04-21 15:55:20 INFO  -  Click Retry Cout: 0
[main] 2023-04-21 15:55:20 INFO  - Inside the TRY of else block By.xpath: //*[@id="submit-file"]
[main] 2023-04-21 15:55:23 INFO  - Inside clickUsingJavaScript step:last
[main] 2023-04-21 15:55:23 INFO  - Successfully clicked on Commit button Button
[main] 2023-04-21 15:55:23 INFO  - #[ Filename: demoInput ( sheet :Sheet1 ) on line no: 12 ]
[main] 2023-04-21 15:55:33 WARN  - Waited for 10 seconds. Element is not Visible!
[main] 2023-04-21 15:55:35 ERROR - Element is not visible : By.xpath: //*[@id="repo-content-pjax-container"]/div/div/div[2]/div[1]/div[2]/details/div/ul/li[3]/form/button
[main] 2023-04-21 15:55:35 ERROR - !!!Failure in demoInput ( sheet : Sheet1 ) on line no: 12
[main] 2023-04-21 15:55:36 ERROR - ERROR : Element is not visible : By.xpath: //*[@id="repo-content-pjax-container"]/div/div/div[2]/div[1]/div[2]/details/div/ul/li[3]/form/button
[main] 2023-04-21 15:55:36 INFO  - Re-Triggering failed test cases is disabled
[main] 2023-04-21 15:55:36 INFO  - Closing Browser
[main] 2023-04-21 15:55:38 INFO  - End of execution
[main] 2023-04-21 15:55:38 INFO  - This is the end of test case execution
