[main] 2023-04-25 15:25:26 INFO  - #[ Filename: GitHub_Word ( sheet :Sheet1 ) on line no: 2 ]
[main] 2023-04-25 15:25:28 INFO  - User have entered URL successfully : https://github.com/
[main] 2023-04-25 15:25:28 INFO  - #[ Filename: GitHub_Word ( sheet :Sheet1 ) on line no: 3 ]
[main] 2023-04-25 15:25:29 INFO  -  Click Retry Cout: 0
[main] 2023-04-25 15:25:29 INFO  - Inside the TRY of else block By.xpath: /html/body/div[1]/div[1]/header/div/div[2]/div/div/div[2]/a
[main] 2023-04-25 15:25:29 INFO  - Inside clickUsingJavaScript step:last
[main] 2023-04-25 15:25:29 INFO  - Successfully clicked on Sign In Button
[main] 2023-04-25 15:25:29 INFO  - #[ Filename: GitHub_Word ( sheet :Sheet1 ) on line no: 4 ]
[main] 2023-04-25 15:25:32 INFO  - Successfully entered text
[main] 2023-04-25 15:25:32 INFO  - Entered daisy-input in Username field
[main] 2023-04-25 15:25:32 INFO  - #[ Filename: GitHub_Word ( sheet :Sheet1 ) on line no: 5 ]
[main] 2023-04-25 15:25:34 INFO  - Successfully entered text
[main] 2023-04-25 15:25:34 INFO  - Entered Password Successfully
[main] 2023-04-25 15:25:34 INFO  - #[ Filename: GitHub_Word ( sheet :Sheet1 ) on line no: 6 ]
[main] 2023-04-25 15:25:34 INFO  -  Click Retry Cout: 0
[main] 2023-04-25 15:25:34 INFO  - Inside the TRY of else block By.name: commit
[main] 2023-04-25 15:25:36 INFO  - Inside clickUsingJavaScript step:last
[main] 2023-04-25 15:25:36 INFO  - Successfully clicked on Sign in Button
[main] 2023-04-25 15:25:36 INFO  - #[ Filename: GitHub_Word ( sheet :Sheet1 ) on line no: 7 ]
[main] 2023-04-25 15:25:46 WARN  - Waited for 10 seconds. Element is not Visible!
[main] 2023-04-25 15:25:50 ERROR - Element is not visible : By.xpath: /html/body/div[1]/div[5]/div/aside/div/loading-context/div/div[1]/div/h2/a
[main] 2023-04-25 15:25:50 ERROR - !!!Failure in GitHub_Word ( sheet : Sheet1 ) on line no: 7
[main] 2023-04-25 15:25:50 ERROR - ERROR : Element is not visible : By.xpath: /html/body/div[1]/div[5]/div/aside/div/loading-context/div/div[1]/div/h2/a
[main] 2023-04-25 15:25:50 INFO  - Re-Triggering failed test cases is disabled
[main] 2023-04-25 15:25:50 INFO  - Closing Browser
[main] 2023-04-25 15:25:51 INFO  - End of execution
[main] 2023-04-25 15:25:51 INFO  - This is the end of test case execution
