[main] 2023-04-21 12:03:21 INFO  - #[ Filename: Format2(1) ( sheet :Sheet1 ) on line no: 2 ]
[main] 2023-04-21 12:03:42 INFO  - User have entered URL successfully : https://github.com/
[main] 2023-04-21 12:03:42 INFO  - #[ Filename: Format2(1) ( sheet :Sheet1 ) on line no: 3 ]
[main] 2023-04-21 12:03:42 INFO  -  Click Retry Cout: 0
[main] 2023-04-21 12:03:42 INFO  - Inside the TRY of else block By.xpath: /html/body/div[1]/div[1]/header/div/div[2]/div/div/div[2]/a
[main] 2023-04-21 12:03:42 INFO  - Inside clickUsingJavaScript step:last
[main] 2023-04-21 12:03:42 INFO  - Successfully clicked on Sign In Button
[main] 2023-04-21 12:03:42 INFO  - #[ Filename: Format2(1) ( sheet :Sheet1 ) on line no: 4 ]
[main] 2023-04-21 12:03:59 INFO  - Successfully entered text
[main] 2023-04-21 12:03:59 INFO  - Entered daisy-input in Username field
[main] 2023-04-21 12:03:59 INFO  - #[ Filename: Format2(1) ( sheet :Sheet1 ) on line no: 5 ]
[main] 2023-04-21 12:04:01 INFO  - Successfully entered text
[main] 2023-04-21 12:04:01 INFO  - Entered Password Successfully
[main] 2023-04-21 12:04:01 INFO  - #[ Filename: Format2(1) ( sheet :Sheet1 ) on line no: 6 ]
[main] 2023-04-21 12:04:01 INFO  -  Click Retry Cout: 0
[main] 2023-04-21 12:04:01 INFO  - Inside the TRY of else block By.name: commit
[main] 2023-04-21 12:04:27 INFO  - Inside clickUsingJavaScript step:last
[main] 2023-04-21 12:04:27 INFO  - Successfully clicked on Sign in Button
[main] 2023-04-21 12:04:27 INFO  - #[ Filename: Format2(1) ( sheet :Sheet1 ) on line no: 7 ]
[main] 2023-04-21 12:04:53 WARN  - Waited for 10 seconds. Element is not Visible!
[main] 2023-04-21 12:04:56 ERROR - Element is not visible : By.xpath: /html/body/div[1]/div[5]/div/aside/div/loading-context/div/div[1]/div/h2/a
[main] 2023-04-21 12:04:56 ERROR - !!!Failure in Format2(1) ( sheet : Sheet1 ) on line no: 7
[main] 2023-04-21 12:04:56 ERROR - ERROR : Element is not visible : By.xpath: /html/body/div[1]/div[5]/div/aside/div/loading-context/div/div[1]/div/h2/a
[main] 2023-04-21 12:04:56 INFO  - Re-Triggering failed test cases is disabled
[main] 2023-04-21 12:04:56 INFO  - Closing Browser
[main] 2023-04-21 12:04:57 INFO  - End of execution
[main] 2023-04-21 12:04:57 INFO  - This is the end of test case execution
