[main] 2023-04-13 12:47:28 INFO  - #[ Filename: demoInput ( sheet :Sheet1 ) on line no: 2 ]
[main] 2023-04-13 12:47:38 INFO  - User have entered URL successfully : https://github.com/
[main] 2023-04-13 12:47:38 INFO  - #[ Filename: demoInput ( sheet :Sheet1 ) on line no: 3 ]
[main] 2023-04-13 12:47:38 INFO  -  Click Retry Cout: 0
[main] 2023-04-13 12:47:38 INFO  - Inside the TRY of else block By.xpath: /html/body/div[1]/div[1]/header/div/div[2]/div/div/div[2]/a
[main] 2023-04-13 12:47:38 INFO  - Inside clickUsingJavaScript step:last
[main] 2023-04-13 12:47:38 INFO  - Successfully clicked on Sign In Button
[main] 2023-04-13 12:47:38 INFO  - #[ Filename: demoInput ( sheet :Sheet1 ) on line no: 4 ]
[main] 2023-04-13 12:47:42 INFO  - Successfully entered text
[main] 2023-04-13 12:47:42 INFO  - Entered daisy-input in Username field
[main] 2023-04-13 12:47:42 INFO  - #[ Filename: demoInput ( sheet :Sheet1 ) on line no: 5 ]
[main] 2023-04-13 12:47:43 INFO  - Successfully entered text
[main] 2023-04-13 12:47:43 INFO  - Entered Password Successfully
[main] 2023-04-13 12:47:43 INFO  - #[ Filename: demoInput ( sheet :Sheet1 ) on line no: 6 ]
[main] 2023-04-13 12:47:43 INFO  -  Click Retry Cout: 0
[main] 2023-04-13 12:47:44 INFO  - Inside the TRY of else block By.name: commit
[main] 2023-04-13 12:52:44 WARN  - Inside the Catch of else blockorg.openqa.selenium.TimeoutException: timeout: Timed out receiving message from renderer: 300.000
  (Session info: chrome=111.0.5563.149)
Build info: version: '3.141.59', revision: 'e82be7d358', time: '2018-11-14T08:17:03'
System info: host: 'GAL000310', ip: '192.168.18.138', os.name: 'Windows 10', os.arch: 'amd64', os.version: '10.0', java.version: '1.8.0_282'
Driver info: org.openqa.selenium.chrome.ChromeDriver
Capabilities {acceptInsecureCerts: false, browserName: chrome, browserVersion: 111.0.5563.149, chrome: {chromedriverVersion: 111.0.5563.64 (c710e93d5b63..., userDataDir: C:\Users\KALASH~1\AppData\L...}, goog:chromeOptions: {debuggerAddress: localhost:55856}, javascriptEnabled: true, networkConnectionEnabled: false, pageLoadStrategy: normal, platform: WINDOWS, platformName: WINDOWS, proxy: Proxy(), setWindowRect: true, strictFileInteractability: false, timeouts: {implicit: 0, pageLoad: 300000, script: 30000}, unhandledPromptBehavior: dismiss and notify, webauthn:extension:credBlob: true, webauthn:extension:largeBlob: true, webauthn:extension:minPinLength: true, webauthn:extension:prf: true, webauthn:virtualAuthenticators: true}
Session ID: 2b564ddce0df82a0c8906d1c12b5bb6f
[main] 2023-04-13 12:52:44 INFO  - Successfully clicked on Sign in Button
[main] 2023-04-13 12:52:44 INFO  - #[ Filename: demoInput ( sheet :Sheet1 ) on line no: 7 ]
[main] 2023-04-13 12:52:54 WARN  - Waited for 10 seconds. Element is not Visible!
[main] 2023-04-13 12:52:55 ERROR - Element is not visible : By.xpath: /html/body/div[1]/div[5]/div/aside/div/loading-context/div/div[1]/div/h2/a
[main] 2023-04-13 12:52:55 ERROR - !!!Failure in demoInput ( sheet : Sheet1 ) on line no: 7
[main] 2023-04-13 12:52:55 ERROR - ERROR : Element is not visible : By.xpath: /html/body/div[1]/div[5]/div/aside/div/loading-context/div/div[1]/div/h2/a
[main] 2023-04-13 12:52:55 INFO  - Re-Triggering failed test cases is disabled
[main] 2023-04-13 12:52:55 INFO  - Closing Browser
[main] 2023-04-13 12:52:56 INFO  - End of execution
[main] 2023-04-13 12:52:56 INFO  - This is the end of test case execution
