[main] 2023-04-21 15:40:36 INFO  - #[ Filename: demoInput ( sheet :Sheet1 ) on line no: 2 ]
[main] 2023-04-21 15:40:39 INFO  - User have entered URL successfully : https://github.com/
[main] 2023-04-21 15:40:40 INFO  - #[ Filename: demoInput ( sheet :Sheet1 ) on line no: 3 ]
[main] 2023-04-21 15:40:41 INFO  -  Click Retry Cout: 0
[main] 2023-04-21 15:40:41 INFO  - Inside the TRY of else block By.xpath: /html/body/div[1]/div[1]/header/div/div[2]/div/div/div[2]/a
[main] 2023-04-21 15:40:41 INFO  - Inside clickUsingJavaScript step:last
[main] 2023-04-21 15:40:41 INFO  - Successfully clicked on Sign In Button
[main] 2023-04-21 15:40:41 INFO  - #[ Filename: demoInput ( sheet :Sheet1 ) on line no: 4 ]
[main] 2023-04-21 15:40:44 INFO  - Successfully entered text
[main] 2023-04-21 15:40:44 INFO  - Entered daisy-input in Username field
[main] 2023-04-21 15:40:44 INFO  - #[ Filename: demoInput ( sheet :Sheet1 ) on line no: 5 ]
[main] 2023-04-21 15:40:46 INFO  - Successfully entered text
[main] 2023-04-21 15:40:46 INFO  - Entered Password Successfully
[main] 2023-04-21 15:40:46 INFO  - #[ Filename: demoInput ( sheet :Sheet1 ) on line no: 6 ]
[main] 2023-04-21 15:40:46 INFO  -  Click Retry Cout: 0
[main] 2023-04-21 15:40:46 INFO  - Inside the TRY of else block By.name: commit
[main] 2023-04-21 15:40:48 INFO  - Inside clickUsingJavaScript step:last
[main] 2023-04-21 15:40:48 INFO  - Successfully clicked on Sign in Button
[main] 2023-04-21 15:40:48 INFO  - #[ Filename: demoInput ( sheet :Sheet1 ) on line no: 7 ]
[main] 2023-04-21 15:40:49 INFO  -  Click Retry Cout: 0
[main] 2023-04-21 15:40:49 INFO  - Inside the TRY of else block By.xpath: /html/body/div[1]/div[6]/div/aside/div/loading-context/div/div[1]/div/h2/a
[main] 2023-04-21 15:40:50 INFO  - Inside clickUsingJavaScript step:last
[main] 2023-04-21 15:40:50 INFO  - Successfully clicked on Repository Button
[main] 2023-04-21 15:40:50 INFO  - #[ Filename: demoInput ( sheet :Sheet1 ) on line no: 8 ]
[main] 2023-04-21 15:40:52 INFO  - Successfully entered text
[main] 2023-04-21 15:40:52 INFO  - Entered DaisyDemo1 in Repository Name field
[main] 2023-04-21 15:40:52 INFO  - #[ Filename: demoInput ( sheet :Sheet1 ) on line no: 9 ]
[main] 2023-04-21 15:40:52 INFO  -  Click Retry Cout: 0
[main] 2023-04-21 15:41:03 ERROR - Element is not clickable : By.xpath: //*[@id="new_repository"]/div[5]/button
[main] 2023-04-21 15:41:47 ERROR - Element is not clickable : By.xpath: //*[@id="new_repository"]/div[5]/button
[main] 2023-04-21 15:41:47 ERROR - !!!Failure in demoInput ( sheet : Sheet1 ) on line no: 9
[main] 2023-04-21 15:41:48 ERROR - ERROR : Element is not clickable : By.xpath: //*[@id="new_repository"]/div[5]/button
[main] 2023-04-21 15:41:48 INFO  - Re-Triggering failed test cases is disabled
[main] 2023-04-21 15:41:48 INFO  - Closing Browser
[main] 2023-04-21 15:41:50 INFO  - End of execution
[main] 2023-04-21 15:41:51 INFO  - This is the end of test case execution
